[INFO] 22:19:27:438 TP0/(52371:52371): Hola! soy un log
[INFO] 22:19:27:439 TP0/(52371:52371): pase del config
[INFO] 22:19:57:985 TP0/(56633:56633): Hola! soy un log
[INFO] 22:19:57:992 TP0/(56633:56633): pase del config
[INFO] 22:20:31:715 TP0/(63542:63542): Hola! soy un log
[INFO] 22:20:41:591 TP0/(63542:63542): pase del config
[INFO] 22:27:28:696 TP0/(103983:103983): Hola! soy un log
[INFO] 22:27:28:707 TP0/(103983:103983): pase del config
[INFO] 22:30:22:797 TP0/(118614:118614): Hola! soy un log
[INFO] 22:30:22:806 TP0/(118614:118614): pase del config
[INFO] 22:30:22:811 TP0/(118614:118614): |+ÔøΩƒ¢U
[INFO] 22:30:22:811 TP0/(118614:118614): |+ÔøΩƒ¢U
[INFO] 22:30:22:811 TP0/(118614:118614): |+ÔøΩƒ¢U
[INFO] 22:43:13:414 TP0/(143023:143023): Hola! soy un log
[INFO] 22:43:13:418 TP0/(143023:143023): pase del config
[INFO] 22:43:20:909 TP0/(143023:143023): dou
[INFO] 22:43:25:091 TP0/(143023:143023): nedea
[INFO] 22:43:28:148 TP0/(143023:143023): asdasdasdfasdfasdgasdfg
[INFO] 22:43:30:811 TP0/(143023:143023): 
[INFO] 22:43:34:291 TP0/(143023:143023): 
[INFO] 22:45:38:327 TP0/(143157:143157): Hola! soy un log
[INFO] 22:45:38:330 TP0/(143157:143157): pase del config
[INFO] 22:45:41:278 TP0/(143157:143157): asdgfasdf
[INFO] 22:45:42:306 TP0/(143157:143157): asdfasdf
[INFO] 22:45:43:166 TP0/(143157:143157): aSDF
[INFO] 22:45:43:714 TP0/(143157:143157): 
[INFO] 22:45:44:662 TP0/(143157:143157): 
[INFO] 22:45:44:831 TP0/(143157:143157): 
[INFO] 22:45:44:974 TP0/(143157:143157): 
[INFO] 22:45:45:110 TP0/(143157:143157): 
[INFO] 22:45:45:246 TP0/(143157:143157): 
[INFO] 22:48:24:625 TP0/(143307:143307): Hola! soy un log
[INFO] 22:48:24:627 TP0/(143307:143307): pase del config
[INFO] 22:48:27:878 TP0/(143307:143307): asdfgasdf
[INFO] 22:48:36:237 TP0/(143307:143307): anasasdfgadfhijkbsdfbvhjg vfsdvbfjgcfdzbv hjg fadvhfdb
[INFO] 22:48:39:197 TP0/(143307:143307): 
[INFO] 22:48:42:341 TP0/(143307:143307): 
[INFO] 22:48:42:501 TP0/(143307:143307): 
[INFO] 22:48:42:653 TP0/(143307:143307): 
[INFO] 22:48:42:813 TP0/(143307:143307): 
[INFO] 22:48:42:957 TP0/(143307:143307): 
[INFO] 22:51:44:924 TP0/(143494:143494): Hola! soy un log
[INFO] 22:51:44:930 TP0/(143494:143494): pase del config
[INFO] 22:51:52:774 TP0/(143494:143494): hola log 
[INFO] 22:51:56:877 TP0/(143494:143494): puto 
[INFO] 23:44:41:275 TP0/(144237:144237): Hola! soy un log
[INFO] 23:44:41:277 TP0/(144237:144237): pase del config
[INFO] 23:16:40:721 TP0/(2084:2084): Hola! soy un log
[INFO] 23:17:50:020 TP0/(2165:2165): Hola! soy un log
[INFO] 23:18:21:922 TP0/(2214:2214): Hola! soy un log
[INFO] 23:20:45:077 TP0/(2287:2287): Hola! soy un log
[INFO] 23:20:45:084 TP0/(2287:2287): ÔøΩÔøΩgÔøΩÔøΩU
[INFO] 23:20:45:085 TP0/(2287:2287): ÔøΩÔøΩgÔøΩÔøΩU
[INFO] 23:20:45:085 TP0/(2287:2287): ÔøΩÔøΩgÔøΩÔøΩU
[INFO] 23:20:58:820 TP0/(2287:2287): sdfg
[INFO] 23:25:36:313 TP0/(2314:2314): Hola! soy un log
[INFO] 23:25:36:322 TP0/(2314:2314): ÔøΩlÔøΩÔøΩÔøΩU
[INFO] 23:25:36:322 TP0/(2314:2314): ÔøΩlÔøΩÔøΩÔøΩU
[INFO] 23:25:36:322 TP0/(2314:2314): ÔøΩlÔøΩÔøΩÔøΩU
[INFO] 23:28:50:190 TP0/(2354:2354): Hola! soy un log
[INFO] 23:28:50:195 TP0/(2354:2354): ){ÔøΩ4ÔøΩU
[INFO] 23:28:50:198 TP0/(2354:2354): ){ÔøΩ4ÔøΩU
[INFO] 23:28:50:198 TP0/(2354:2354): ){ÔøΩ4ÔøΩU
[INFO] 23:38:12:756 TP0/(2429:2429): Hola! soy un log
[INFO] 23:38:17:645 TP0/(2429:2429): )ÔøΩ
[INFO] 23:38:24:212 TP0/(2429:2429): )ÔøΩ
[INFO] 23:38:29:215 TP0/(2429:2429): )ÔøΩ
[INFO] 23:38:42:047 TP0/(2429:2429): sadfasd\\
[INFO] 23:41:59:237 TP0/(2477:2477): Hola! soy un log
[INFO] 23:41:59:242 TP0/(2477:2477): ÔøΩÔøΩ`ÔøΩV
[INFO] 23:41:59:245 TP0/(2477:2477): ÔøΩÔøΩ`ÔøΩV
[INFO] 23:41:59:245 TP0/(2477:2477): ÔøΩÔøΩ`ÔøΩV
[INFO] 13:12:32:787 TP0/(1888:1888): Hola! soy un log
[INFO] 13:12:32:796 TP0/(1888:1888): zÔøΩ,ÔøΩV
[INFO] 13:12:32:796 TP0/(1888:1888): zÔøΩ,ÔøΩV
[INFO] 13:12:32:796 TP0/(1888:1888): zÔøΩ,ÔøΩV
[INFO] 13:15:40:001 TP0/(1952:1952): Hola! soy un log
[INFO] 13:15:40:011 TP0/(1952:1952): lyŒ°≠U
[INFO] 13:15:40:011 TP0/(1952:1952): lyŒ°≠U
[INFO] 13:15:40:011 TP0/(1952:1952): lyŒ°≠U
[INFO] 13:21:34:639 TP0/(2022:2022): Hola! soy un log
[INFO] 13:22:32:510 TP0/(2066:2066): Hola! soy un log
[INFO] 13:22:32:518 TP0/(2066:2066): 7é8zUV
[INFO] 13:22:32:518 TP0/(2066:2066): 7é8zUV
[INFO] 13:22:32:521 TP0/(2066:2066): 7é8zUV
[INFO] 13:23:00:642 TP0/(2090:2090): Hola! soy un log
[INFO] 13:23:00:645 TP0/(2090:2090): ÊæW≥„U
[INFO] 13:23:00:649 TP0/(2090:2090): ÊæW≥„U
[INFO] 13:23:00:649 TP0/(2090:2090): ÊæW≥„U
[INFO] 13:29:25:290 TP0/(2155:2155): Hola! soy un log
[INFO] 13:29:48:047 TP0/(2202:2202): Hola! soy un log
[INFO] 13:29:48:052 TP0/(2202:2202): ë¯˙ˆèU
[INFO] 13:29:48:055 TP0/(2202:2202): ë¯˙ˆèU
[INFO] 13:29:48:055 TP0/(2202:2202): ë¯˙ˆèU
[INFO] 13:30:48:524 TP0/(2302:2302): Hola! soy un log
[INFO] 13:30:48:530 TP0/(2302:2302): õ4≥égU
[INFO] 13:30:48:533 TP0/(2302:2302): õ4≥égU
[INFO] 13:30:48:533 TP0/(2302:2302): õ4≥égU
[INFO] 13:37:22:532 TP0/(2573:2573): Hola! soy un log
[INFO] 13:37:22:536 TP0/(2573:2573): ˛
[INFO] 13:37:22:536 TP0/(2573:2573): ˛
[INFO] 13:37:22:536 TP0/(2573:2573): ˛
[INFO] 13:37:54:434 TP0/(2623:2623): Hola! soy un log
[INFO] 13:37:54:436 TP0/(2623:2623): ¬§°ˆÊU
[INFO] 13:37:54:438 TP0/(2623:2623): ¬§°ˆÊU
[INFO] 13:37:54:439 TP0/(2623:2623): ¬§°ˆÊU
[INFO] 13:38:19:645 TP0/(2670:2670): Hola! soy un log
[INFO] 13:38:19:648 TP0/(2670:2670): 127.0.0.1
[INFO] 13:38:19:651 TP0/(2670:2670): 4444
[INFO] 13:38:19:652 TP0/(2670:2670): CLAVE
[INFO] 13:39:05:116 TP0/(2807:2807): Hola! soy un log
[INFO] 13:39:05:123 TP0/(2807:2807): 127.0.0.1
[INFO] 13:39:05:124 TP0/(2807:2807): 4444
[INFO] 13:39:05:124 TP0/(2807:2807): CLAVE
[INFO] 13:41:52:653 TP0/(3479:3479): Hola! soy un log
[INFO] 13:41:52:661 TP0/(3479:3479): 127.0.0.1
[INFO] 13:41:52:662 TP0/(3479:3479): 4444
[INFO] 13:41:52:663 TP0/(3479:3479): CLAVE
[INFO] 13:49:38:169 TP0/(3748:3748): Hola! soy un log
[INFO] 13:49:38:172 TP0/(3748:3748): 127.0.0.1
[INFO] 13:49:38:174 TP0/(3748:3748): 4444
[INFO] 13:49:38:178 TP0/(3748:3748): CLAVE
[INFO] 19:43:31:328 TP0/(2488:2488): Hola! soy un log
[INFO] 19:43:31:338 TP0/(2488:2488): 127.0.0.1
[INFO] 19:43:31:338 TP0/(2488:2488): 4444
[INFO] 19:43:31:338 TP0/(2488:2488): ®„Ø¨°U
[INFO] 19:44:29:683 TP0/(2663:2663): Hola! soy un log
[INFO] 19:44:29:688 TP0/(2663:2663): 127.0.0.1
[INFO] 19:44:29:693 TP0/(2663:2663): 4444
[INFO] 19:44:29:693 TP0/(2663:2663): VAlOR
[INFO] 21:04:29:189 TP0/(2488:2488): hjkm
[INFO] 21:15:36:524 TP0/(3781:3781): Hola! soy un log
[INFO] 21:15:36:527 TP0/(3781:3781): 127.0.0.1
[INFO] 21:15:36:530 TP0/(3781:3781): 4444
[INFO] 21:15:36:533 TP0/(3781:3781): ÉæH "V
[INFO] 21:16:31:170 TP0/(3807:3807): Hola! soy un log
[INFO] 21:16:31:172 TP0/(3807:3807): 127.0.0.1
[INFO] 21:16:31:176 TP0/(3807:3807): 4444
[INFO] 21:16:31:176 TP0/(3807:3807): VALOR
[INFO] 21:18:16:858 TP0/(3868:3868): Hola! soy un log
[INFO] 21:18:16:862 TP0/(3868:3868): 127.0.0.1
[INFO] 21:18:16:864 TP0/(3868:3868): 4444
[INFO] 21:18:16:864 TP0/(3868:3868): VALOR
[INFO] 15:58:11:892 TP0/(1856:1856): Hola! soy un log
[INFO] 15:58:11:900 TP0/(1856:1856): 127.0.0.1
[INFO] 15:58:11:900 TP0/(1856:1856): 4444
[INFO] 15:58:11:901 TP0/(1856:1856): VALOR
[INFO] 16:14:37:951 TP0/(2115:2115): Hola! soy un log
[INFO] 16:15:07:761 TP0/(2115:2115): 127.0.0.1
[INFO] 16:15:10:446 TP0/(2115:2115): 4444
[INFO] 16:15:13:628 TP0/(2115:2115): VALOR
[INFO] 16:15:22:828 TP0/(2115:2115): dafg
[INFO] 16:42:37:549 TP0/(2332:2332): Hola! soy un log
[INFO] 16:42:39:331 TP0/(2332:2332): 127.0.0.1
[INFO] 16:42:39:698 TP0/(2332:2332): 4444
[INFO] 16:42:40:113 TP0/(2332:2332): VALOR
